<?xml version="1.0" encoding="UTF-8"?>
<testng-results ignored="0" total="2" passed="2" failed="0" skipped="0">
  <reporter-output>
  </reporter-output>
  <suite started-at="2022-01-08T17:41:57 IST" name="Default suite" finished-at="2022-01-08T17:42:07 IST" duration-ms="10019">
    <groups>
    </groups>
    <test started-at="2022-01-08T17:41:57 IST" name="Default test" finished-at="2022-01-08T17:42:07 IST" duration-ms="10019">
      <class name="testcases.VerifyLogin">
        <test-method is-config="true" signature="setData()[pri:0, instance:testcases.VerifyLogin@71a8adcf]" started-at="2022-01-08T17:41:57 IST" name="setData" finished-at="2022-01-08T17:41:57 IST" duration-ms="10" status="PASS">
          <reporter-output>
          </reporter-output>
        </test-method> <!-- setData -->
        <test-method is-config="true" signature="preCondition()[pri:0, instance:testcases.VerifyLogin@71a8adcf]" started-at="2022-01-08T17:41:59 IST" name="preCondition" finished-at="2022-01-08T17:42:03 IST" duration-ms="4252" status="PASS">
          <reporter-output>
          </reporter-output>
        </test-method> <!-- preCondition -->
        <test-method signature="runLogin(java.lang.String,java.lang.String)[pri:0, instance:testcases.VerifyLogin@71a8adcf]" started-at="2022-01-08T17:42:03 IST" name="runLogin" data-provider="sendData" finished-at="2022-01-08T17:42:04 IST" duration-ms="842" status="PASS">
          <params>
            <param index="0">
              <value>
                <![CDATA[Demosalesmanager]]>
              </value>
            </param>
            <param index="1">
              <value>
                <![CDATA[crmsfa]]>
              </value>
            </param>
          </params>
          <reporter-output>
          </reporter-output>
        </test-method> <!-- runLogin -->
        <test-method is-config="true" signature="postCondition()[pri:0, instance:testcases.VerifyLogin@71a8adcf]" started-at="2022-01-08T17:42:04 IST" name="postCondition" finished-at="2022-01-08T17:42:04 IST" duration-ms="204" status="PASS">
          <reporter-output>
          </reporter-output>
        </test-method> <!-- postCondition -->
        <test-method is-config="true" signature="preCondition()[pri:0, instance:testcases.VerifyLogin@71a8adcf]" started-at="2022-01-08T17:42:04 IST" name="preCondition" finished-at="2022-01-08T17:42:06 IST" duration-ms="2066" status="PASS">
          <reporter-output>
          </reporter-output>
        </test-method> <!-- preCondition -->
        <test-method signature="runLogin(java.lang.String,java.lang.String)[pri:0, instance:testcases.VerifyLogin@71a8adcf]" started-at="2022-01-08T17:42:06 IST" name="runLogin" data-provider="sendData" finished-at="2022-01-08T17:42:07 IST" duration-ms="767" status="PASS">
          <params>
            <param index="0">
              <value>
                <![CDATA[DemoCSR]]>
              </value>
            </param>
            <param index="1">
              <value>
                <![CDATA[crmsfa]]>
              </value>
            </param>
          </params>
          <reporter-output>
          </reporter-output>
        </test-method> <!-- runLogin -->
        <test-method is-config="true" signature="postCondition()[pri:0, instance:testcases.VerifyLogin@71a8adcf]" started-at="2022-01-08T17:42:07 IST" name="postCondition" finished-at="2022-01-08T17:42:07 IST" duration-ms="184" status="PASS">
          <reporter-output>
          </reporter-output>
        </test-method> <!-- postCondition -->
      </class> <!-- testcases.VerifyLogin -->
    </test> <!-- Default test -->
  </suite> <!-- Default suite -->
</testng-results>
